<?xml version="1.0" encoding="UTF-8"?>
<!-- Generated by org.testng.reporters.JUnitReportReporter -->
<testsuite hostname="LAPTOP-CRLAT3D1" name="test.com.CarsTest" tests="1" failures="0" timestamp="16 Mar 2019 21:37:55 GMT" time="0.005" errors="0">
  <testcase name="validateCar" time="0.005" classname="test.com.CarsTest"/>
</testsuite> <!-- test.com.CarsTest -->
